#
# There is insufficient memory for the Java Runtime Environment to continue.
# Native memory allocation (malloc) failed to allocate 2028416 bytes for Chunk::new
# Possible reasons:
#   The system is out of physical RAM or swap space
#   The process is running with CompressedOops enabled, and the Java Heap may be blocking the growth of the native heap
# Possible solutions:
#   Reduce memory load on the system
#   Increase physical memory or swap space
#   Check if swap backing store is full
#   Decrease Java heap size (-Xmx/-Xms)
#   Decrease number of Java threads
#   Decrease Java thread stack sizes (-Xss)
#   Set larger code cache with -XX:ReservedCodeCacheSize=
#   JVM is running with Unscaled Compressed Oops mode in which the Java heap is
#     placed in the first 4GB address space. The Java Heap base address is the
#     maximum limit for the native heap growth. Please use -XX:HeapBaseMinAddress
#     to set the Java Heap base and to place the Java Heap above 4GB virtual address.
# This output file may be truncated or incomplete.
#
#  Out of Memory Error (arena.cpp:191), pid=17644, tid=12808
#
# JRE version: OpenJDK Runtime Environment (17.0.10) (build 17.0.10+0--11572160)
# Java VM: OpenJDK 64-Bit Server VM (17.0.10+0--11572160, mixed mode, tiered, compressed oops, compressed class ptrs, g1 gc, windows-amd64)
# No core dump will be written. Minidumps are not enabled by default on client versions of Windows
#

---------------  S U M M A R Y ------------

Command Line: --add-opens=java.base/java.util=ALL-UNNAMED --add-opens=java.base/java.lang=ALL-UNNAMED --add-opens=java.base/java.lang.invoke=ALL-UNNAMED --add-opens=java.prefs/java.util.prefs=ALL-UNNAMED --add-opens=java.base/java.nio.charset=ALL-UNNAMED --add-opens=java.base/java.net=ALL-UNNAMED --add-opens=java.base/java.util.concurrent.atomic=ALL-UNNAMED -Xmx2048m -Dfile.encoding=UTF-8 -Duser.country=US -Duser.language=en -Duser.variant -javaagent:C:\Users\Asus\.gradle\wrapper\dists\gradle-8.6-bin\afr5mpiioh2wthjmwnkmdsd5w\gradle-8.6\lib\agents\gradle-instrumentation-agent-8.6.jar org.gradle.launcher.daemon.bootstrap.GradleDaemon 8.6

Host: 12th Gen Intel(R) Core(TM) i7-1260P, 16 cores, 15G,  Windows 11 , 64 bit Build 22621 (10.0.22621.3527)
Time: Sun May 26 01:08:46 2024 Malay Peninsula Standard Time elapsed time: 4.161082 seconds (0d 0h 0m 4s)

---------------  T H R E A D  ---------------

Current thread (0x00000204c2655400):  JavaThread "C2 CompilerThread1" daemon [_thread_in_native, id=12808, stack(0x0000007081900000,0x0000007081a00000)]


Current CompileTask:
C2:   4161 4252   !   4       java.net.URLClassLoader$1::run (81 bytes)

Stack: [0x0000007081900000,0x0000007081a00000]
Native frames: (J=compiled Java code, j=interpreted, Vv=VM code, C=native code)
V  [jvm.dll+0x688e89]
V  [jvm.dll+0x84247a]
V  [jvm.dll+0x8440be]
V  [jvm.dll+0x844723]
V  [jvm.dll+0x24be0f]
V  [jvm.dll+0xac524]
V  [jvm.dll+0xacb6c]
V  [jvm.dll+0x36bd67]
V  [jvm.dll+0x33615a]
V  [jvm.dll+0x3355fa]
V  [jvm.dll+0x21daa1]
V  [jvm.dll+0x21cec1]
V  [jvm.dll+0x1a60ad]
V  [jvm.dll+0x22cd78]
V  [jvm.dll+0x22aeb0]
V  [jvm.dll+0x7f6917]
V  [jvm.dll+0x7f0d1a]
V  [jvm.dll+0x687d05]
C  [ucrtbase.dll+0x29333]
C  [KERNEL32.DLL+0x1257d]
C  [ntdll.dll+0x5aa48]


---------------  P R O C E S S  ---------------

Threads class SMR info:
_java_thread_list=0x00000204cb065dd0, length=40, elements={
0x00000204a756c940, 0x00000204c211d560, 0x00000204c211eb00, 0x00000204c2169020,
0x00000204c2169db0, 0x00000204c216c880, 0x00000204c216d240, 0x00000204c2178770,
0x00000204c217ce80, 0x00000204c217dc90, 0x00000204c1f85ac0, 0x00000204c23144d0,
0x00000204c23149f0, 0x00000204c23bd800, 0x00000204c2655400, 0x00000204c7b59010,
0x00000204c8338990, 0x00000204c82fe3c0, 0x00000204c8cc8b10, 0x00000204c8ad3030,
0x00000204c8402e20, 0x00000204c754a190, 0x00000204c81233c0, 0x00000204c8401000,
0x00000204c8401510, 0x00000204c84000d0, 0x00000204c8401a20, 0x00000204c84005e0,
0x00000204c901d160, 0x00000204c9021330, 0x00000204c9022770, 0x00000204c9023bb0,
0x00000204c901d670, 0x00000204c901db80, 0x00000204c9021d50, 0x00000204c90240c0,
0x00000204c9021840, 0x00000204c9022260, 0x00000204c9022c80, 0x00000204c9023190
}

Java Threads: ( => current thread )
  0x00000204a756c940 JavaThread "main" [_thread_blocked, id=8724, stack(0x0000007080400000,0x0000007080500000)]
  0x00000204c211d560 JavaThread "Reference Handler" daemon [_thread_blocked, id=12056, stack(0x0000007080b00000,0x0000007080c00000)]
  0x00000204c211eb00 JavaThread "Finalizer" daemon [_thread_blocked, id=15700, stack(0x0000007080c00000,0x0000007080d00000)]
  0x00000204c2169020 JavaThread "Signal Dispatcher" daemon [_thread_blocked, id=16292, stack(0x0000007080d00000,0x0000007080e00000)]
  0x00000204c2169db0 JavaThread "Attach Listener" daemon [_thread_blocked, id=12812, stack(0x0000007080e00000,0x0000007080f00000)]
  0x00000204c216c880 JavaThread "Service Thread" daemon [_thread_blocked, id=5952, stack(0x0000007080f00000,0x0000007081000000)]
  0x00000204c216d240 JavaThread "Monitor Deflation Thread" daemon [_thread_blocked, id=17352, stack(0x0000007081000000,0x0000007081100000)]
  0x00000204c2178770 JavaThread "C2 CompilerThread0" daemon [_thread_in_native, id=16056, stack(0x0000007081100000,0x0000007081200000)]
  0x00000204c217ce80 JavaThread "C1 CompilerThread0" daemon [_thread_blocked, id=12968, stack(0x0000007081200000,0x0000007081300000)]
  0x00000204c217dc90 JavaThread "Sweeper thread" daemon [_thread_blocked, id=15628, stack(0x0000007081300000,0x0000007081400000)]
  0x00000204c1f85ac0 JavaThread "Common-Cleaner" daemon [_thread_blocked, id=14512, stack(0x0000007081400000,0x0000007081500000)]
  0x00000204c23144d0 JavaThread "C1 CompilerThread1" daemon [_thread_blocked, id=7804, stack(0x0000007081500000,0x0000007081600000)]
  0x00000204c23149f0 JavaThread "C1 CompilerThread2" daemon [_thread_blocked, id=13440, stack(0x0000007081600000,0x0000007081700000)]
  0x00000204c23bd800 JavaThread "Notification Thread" daemon [_thread_blocked, id=9376, stack(0x0000007081700000,0x0000007081800000)]
=>0x00000204c2655400 JavaThread "C2 CompilerThread1" daemon [_thread_in_native, id=12808, stack(0x0000007081900000,0x0000007081a00000)]
  0x00000204c7b59010 JavaThread "C1 CompilerThread3" daemon [_thread_blocked, id=16816, stack(0x0000007081b00000,0x0000007081c00000)]
  0x00000204c8338990 JavaThread "Daemon health stats" [_thread_blocked, id=13120, stack(0x0000007082100000,0x0000007082200000)]
  0x00000204c82fe3c0 JavaThread "Incoming local TCP Connector on port 55739" [_thread_in_native, id=7292, stack(0x0000007082200000,0x0000007082300000)]
  0x00000204c8cc8b10 JavaThread "Daemon periodic checks" [_thread_blocked, id=13264, stack(0x0000007082300000,0x0000007082400000)]
  0x00000204c8ad3030 JavaThread "Daemon" [_thread_blocked, id=15572, stack(0x0000007082400000,0x0000007082500000)]
  0x00000204c8402e20 JavaThread "Handler for socket connection from /127.0.0.1:55739 to /127.0.0.1:55740" [_thread_in_native, id=11680, stack(0x0000007082500000,0x0000007082600000)]
  0x00000204c754a190 JavaThread "Cancel handler" [_thread_blocked, id=14964, stack(0x0000007082600000,0x0000007082700000)]
  0x00000204c81233c0 JavaThread "Daemon worker" [_thread_in_vm, id=15980, stack(0x0000007082700000,0x0000007082800000)]
  0x00000204c8401000 JavaThread "Asynchronous log dispatcher for DefaultDaemonConnection: socket connection from /127.0.0.1:55739 to /127.0.0.1:55740" [_thread_blocked, id=3260, stack(0x0000007082800000,0x0000007082900000)]
  0x00000204c8401510 JavaThread "Stdin handler" [_thread_blocked, id=1388, stack(0x0000007082900000,0x0000007082a00000)]
  0x00000204c84000d0 JavaThread "Daemon client event forwarder" [_thread_blocked, id=13876, stack(0x0000007082a00000,0x0000007082b00000)]
  0x00000204c8401a20 JavaThread "Cache worker for journal cache (C:\Users\Asus\.gradle\caches\journal-1)" [_thread_blocked, id=408, stack(0x0000007083400000,0x0000007083500000)]
  0x00000204c84005e0 JavaThread "File lock request listener" [_thread_in_native, id=868, stack(0x0000007083500000,0x0000007083600000)]
  0x00000204c901d160 JavaThread "Cache worker for file hash cache (C:\Users\Asus\.gradle\caches\8.6\fileHashes)" [_thread_blocked, id=5772, stack(0x0000007081a00000,0x0000007081b00000)]
  0x00000204c9021330 JavaThread "File watcher server" daemon [_thread_in_native, id=8552, stack(0x0000007083600000,0x0000007083700000)]
  0x00000204c9022770 JavaThread "File watcher consumer" daemon [_thread_blocked, id=3116, stack(0x0000007083700000,0x0000007083800000)]
  0x00000204c9023bb0 JavaThread "Cache worker for checksums cache (C:\Users\Asus\OneDrive\Documents\Sistem Informasi\Semester 4\Final Mobile\Khalizatul Jannah\Final Mobile 2024\.gradle\8.6\checksums)" [_thread_blocked, id=2256, stack(0x0000007083800000,0x0000007083900000)]
  0x00000204c901d670 JavaThread "Cache worker for file hash cache (C:\Users\Asus\OneDrive\Documents\Sistem Informasi\Semester 4\Final Mobile\Khalizatul Jannah\Final Mobile 2024\.gradle\8.6\fileHashes)" [_thread_blocked, id=444, stack(0x0000007083900000,0x0000007083a00000)]
  0x00000204c901db80 JavaThread "Cache worker for cache directory md-supplier (C:\Users\Asus\.gradle\caches\8.6\md-supplier)" [_thread_blocked, id=13104, stack(0x0000007083a00000,0x0000007083b00000)]
  0x00000204c9021d50 JavaThread "Cache worker for cache directory md-rule (C:\Users\Asus\.gradle\caches\8.6\md-rule)" [_thread_blocked, id=18176, stack(0x0000007083b00000,0x0000007083c00000)]
  0x00000204c90240c0 JavaThread "Cache worker for file content cache (C:\Users\Asus\.gradle\caches\8.6\fileContent)" [_thread_blocked, id=14244, stack(0x0000007083c00000,0x0000007083d00000)]
  0x00000204c9021840 JavaThread "jar transforms" [_thread_blocked, id=4844, stack(0x0000007083d00000,0x0000007083e00000)]
  0x00000204c9022260 JavaThread "jar transforms Thread 2" [_thread_blocked, id=15564, stack(0x0000007083e00000,0x0000007083f00000)]
  0x00000204c9022c80 JavaThread "jar transforms Thread 3" [_thread_blocked, id=10624, stack(0x0000007083f00000,0x0000007084000000)]
  0x00000204c9023190 JavaThread "jar transforms Thread 4" [_thread_blocked, id=12936, stack(0x0000007084000000,0x0000007084100000)]

Other Threads:
  0x00000204c211b010 VMThread "VM Thread" [stack: 0x0000007080a00000,0x0000007080b00000] [id=16616]
  0x00000204c23bdce0 WatcherThread [stack: 0x0000007081800000,0x0000007081900000] [id=13948]
  0x00000204a75c8910 GCTaskThread "GC Thread#0" [stack: 0x0000007080500000,0x0000007080600000] [id=2948]
  0x00000204c7b75950 GCTaskThread "GC Thread#1" [stack: 0x0000007081c00000,0x0000007081d00000] [id=7044]
  0x00000204c7b76c40 GCTaskThread "GC Thread#2" [stack: 0x0000007081d00000,0x0000007081e00000] [id=2308]
  0x00000204c7b76f00 GCTaskThread "GC Thread#3" [stack: 0x0000007081e00000,0x0000007081f00000] [id=12204]
  0x00000204c74320a0 GCTaskThread "GC Thread#4" [stack: 0x0000007081f00000,0x0000007082000000] [id=8952]
  0x00000204c7432620 GCTaskThread "GC Thread#5" [stack: 0x0000007082000000,0x0000007082100000] [id=3428]
  0x00000204c7432360 GCTaskThread "GC Thread#6" [stack: 0x0000007082b00000,0x0000007082c00000] [id=7504]
  0x00000204c7432e60 GCTaskThread "GC Thread#7" [stack: 0x0000007082c00000,0x0000007082d00000] [id=16176]
  0x00000204c7433120 GCTaskThread "GC Thread#8" [stack: 0x0000007082d00000,0x0000007082e00000] [id=16644]
  0x00000204c7433960 GCTaskThread "GC Thread#9" [stack: 0x0000007082e00000,0x0000007082f00000] [id=9312]
  0x00000204c74333e0 GCTaskThread "GC Thread#10" [stack: 0x0000007082f00000,0x0000007083000000] [id=9244]
  0x00000204c74328e0 GCTaskThread "GC Thread#11" [stack: 0x0000007083000000,0x0000007083100000] [id=3132]
  0x00000204c7433c20 GCTaskThread "GC Thread#12" [stack: 0x0000007083100000,0x0000007083200000] [id=6000]
  0x00000204a75d9860 ConcurrentGCThread "G1 Main Marker" [stack: 0x0000007080600000,0x0000007080700000] [id=11652]
  0x00000204a75da280 ConcurrentGCThread "G1 Conc#0" [stack: 0x0000007080700000,0x0000007080800000] [id=17800]
  0x00000204c7432ba0 ConcurrentGCThread "G1 Conc#1" [stack: 0x0000007083200000,0x0000007083300000] [id=4736]
  0x00000204c7b3b3f0 ConcurrentGCThread "G1 Conc#2" [stack: 0x0000007083300000,0x0000007083400000] [id=13888]
  0x00000204a761ec20 ConcurrentGCThread "G1 Refine#0" [stack: 0x0000007080800000,0x0000007080900000] [id=12256]
  0x00000204c1e519e0 ConcurrentGCThread "G1 Service" [stack: 0x0000007080900000,0x0000007080a00000] [id=15916]

Threads with active compile tasks:
C2 CompilerThread0     4173 4562       4       org.objectweb.asm.Frame::execute (2318 bytes)
C2 CompilerThread1     4173 4252   !   4       java.net.URLClassLoader$1::run (81 bytes)

VM state: not at safepoint (normal execution)

VM Mutex/Monitor currently owned by a thread: None

Heap address: 0x0000000080000000, size: 2048 MB, Compressed Oops mode: 32-bit

CDS archive(s) not mapped
Compressed class space mapped at: 0x0000000100000000-0x0000000140000000, reserved size: 1073741824
Narrow klass base: 0x0000000000000000, Narrow klass shift: 3, Narrow klass range: 0x140000000

GC Precious Log:
 CPUs: 16 total, 16 available
 Memory: 16078M
 Large Page Support: Disabled
 NUMA Support: Disabled
 Compressed Oops: Enabled (32-bit)
 Heap Region Size: 1M
 Heap Min Capacity: 8M
 Heap Initial Capacity: 252M
 Heap Max Capacity: 2G
 Pre-touch: Disabled
 Parallel Workers: 13
 Concurrent Workers: 3
 Concurrent Refinement Workers: 13
 Periodic GC: Disabled

Heap:
 garbage-first heap   total 101376K, used 65312K [0x0000000080000000, 0x0000000100000000)
  region size 1024K, 37 young (37888K), 4 survivors (4096K)
 Metaspace       used 49730K, committed 50176K, reserved 1114112K
  class space    used 6821K, committed 7040K, reserved 1048576K

Heap Regions: E=young(eden), S=young(survivor), O=old, HS=humongous(starts), HC=humongous(continues), CS=collection set, F=free, OA=open archive, CA=closed archive, TAMS=top-at-mark-start (previous, next)
|   0|0x0000000080000000, 0x0000000080100000, 0x0000000080100000|100%|HS|  |TAMS 0x0000000080100000, 0x0000000080000000| Complete 
|   1|0x0000000080100000, 0x0000000080200000, 0x0000000080200000|100%|HC|  |TAMS 0x0000000080200000, 0x0000000080100000| Complete 
|   2|0x0000000080200000, 0x0000000080300000, 0x0000000080300000|100%|HC|  |TAMS 0x0000000080300000, 0x0000000080200000| Complete 
|   3|0x0000000080300000, 0x0000000080400000, 0x0000000080400000|100%|HC|  |TAMS 0x0000000080400000, 0x0000000080300000| Complete 
|   4|0x0000000080400000, 0x0000000080500000, 0x0000000080500000|100%| O|  |TAMS 0x0000000080500000, 0x0000000080400000| Untracked 
|   5|0x0000000080500000, 0x0000000080600000, 0x0000000080600000|100%| O|  |TAMS 0x0000000080600000, 0x0000000080500000| Untracked 
|   6|0x0000000080600000, 0x0000000080700000, 0x0000000080700000|100%| O|  |TAMS 0x0000000080700000, 0x0000000080600000| Untracked 
|   7|0x0000000080700000, 0x0000000080800000, 0x0000000080800000|100%| O|  |TAMS 0x0000000080800000, 0x0000000080700000| Untracked 
|   8|0x0000000080800000, 0x0000000080900000, 0x0000000080900000|100%| O|  |TAMS 0x0000000080900000, 0x0000000080800000| Untracked 
|   9|0x0000000080900000, 0x0000000080a00000, 0x0000000080a00000|100%| O|  |TAMS 0x0000000080a00000, 0x0000000080900000| Untracked 
|  10|0x0000000080a00000, 0x0000000080ac3e00, 0x0000000080b00000| 76%| O|  |TAMS 0x0000000080ac3e00, 0x0000000080a00000| Untracked 
|  11|0x0000000080b00000, 0x0000000080c00000, 0x0000000080c00000|100%| O|  |TAMS 0x0000000080c00000, 0x0000000080b00000| Untracked 
|  12|0x0000000080c00000, 0x0000000080d00000, 0x0000000080d00000|100%| O|  |TAMS 0x0000000080d00000, 0x0000000080c00000| Untracked 
|  13|0x0000000080d00000, 0x0000000080e00000, 0x0000000080e00000|100%| O|  |TAMS 0x0000000080e00000, 0x0000000080d00000| Untracked 
|  14|0x0000000080e00000, 0x0000000080f00000, 0x0000000080f00000|100%| O|  |TAMS 0x0000000080f00000, 0x0000000080e00000| Untracked 
|  15|0x0000000080f00000, 0x0000000081000000, 0x0000000081000000|100%| O|  |TAMS 0x0000000081000000, 0x0000000080f00000| Untracked 
|  16|0x0000000081000000, 0x0000000081100000, 0x0000000081100000|100%| O|  |TAMS 0x0000000081100000, 0x0000000081000000| Untracked 
|  17|0x0000000081100000, 0x0000000081200000, 0x0000000081200000|100%| O|  |TAMS 0x0000000081200000, 0x0000000081100000| Untracked 
|  18|0x0000000081200000, 0x0000000081300000, 0x0000000081300000|100%| O|  |TAMS 0x0000000081300000, 0x0000000081200000| Untracked 
|  19|0x0000000081300000, 0x0000000081400000, 0x0000000081400000|100%| O|  |TAMS 0x0000000081400000, 0x0000000081300000| Untracked 
|  20|0x0000000081400000, 0x0000000081500000, 0x0000000081500000|100%| O|  |TAMS 0x0000000081500000, 0x0000000081400000| Untracked 
|  21|0x0000000081500000, 0x0000000081600000, 0x0000000081600000|100%| O|  |TAMS 0x000000008152cc00, 0x0000000081500000| Untracked 
|  22|0x0000000081600000, 0x0000000081700000, 0x0000000081700000|100%| O|  |TAMS 0x0000000081600000, 0x0000000081600000| Untracked 
|  23|0x0000000081700000, 0x0000000081800000, 0x0000000081800000|100%| O|  |TAMS 0x0000000081700000, 0x0000000081700000| Untracked 
|  24|0x0000000081800000, 0x0000000081900000, 0x0000000081900000|100%| O|  |TAMS 0x0000000081800000, 0x0000000081800000| Untracked 
|  25|0x0000000081900000, 0x0000000081a00000, 0x0000000081a00000|100%| O|  |TAMS 0x0000000081900000, 0x0000000081900000| Untracked 
|  26|0x0000000081a00000, 0x0000000081b00000, 0x0000000081b00000|100%| O|  |TAMS 0x0000000081a00000, 0x0000000081a00000| Untracked 
|  27|0x0000000081b00000, 0x0000000081c00000, 0x0000000081c00000|100%| O|  |TAMS 0x0000000081b00000, 0x0000000081b00000| Untracked 
|  28|0x0000000081c00000, 0x0000000081c76800, 0x0000000081d00000| 46%| O|  |TAMS 0x0000000081c00000, 0x0000000081c00000| Untracked 
|  29|0x0000000081d00000, 0x0000000081d00000, 0x0000000081e00000|  0%| F|  |TAMS 0x0000000081d00000, 0x0000000081d00000| Untracked 
|  30|0x0000000081e00000, 0x0000000081e00000, 0x0000000081f00000|  0%| F|  |TAMS 0x0000000081e00000, 0x0000000081e00000| Untracked 
|  31|0x0000000081f00000, 0x0000000081f00000, 0x0000000082000000|  0%| F|  |TAMS 0x0000000081f00000, 0x0000000081f00000| Untracked 
|  32|0x0000000082000000, 0x0000000082000000, 0x0000000082100000|  0%| F|  |TAMS 0x0000000082000000, 0x0000000082000000| Untracked 
|  33|0x0000000082100000, 0x0000000082100000, 0x0000000082200000|  0%| F|  |TAMS 0x0000000082100000, 0x0000000082100000| Untracked 
|  34|0x0000000082200000, 0x0000000082200000, 0x0000000082300000|  0%| F|  |TAMS 0x0000000082200000, 0x0000000082200000| Untracked 
|  35|0x0000000082300000, 0x0000000082300000, 0x0000000082400000|  0%| F|  |TAMS 0x0000000082300000, 0x0000000082300000| Untracked 
|  36|0x0000000082400000, 0x0000000082400000, 0x0000000082500000|  0%| F|  |TAMS 0x0000000082400000, 0x0000000082400000| Untracked 
|  37|0x0000000082500000, 0x0000000082500000, 0x0000000082600000|  0%| F|  |TAMS 0x0000000082500000, 0x0000000082500000| Untracked 
|  38|0x0000000082600000, 0x0000000082600000, 0x0000000082700000|  0%| F|  |TAMS 0x0000000082600000, 0x0000000082600000| Untracked 
|  39|0x0000000082700000, 0x000000008278db88, 0x0000000082800000| 55%| S|CS|TAMS 0x0000000082700000, 0x0000000082700000| Complete 
|  40|0x0000000082800000, 0x0000000082900000, 0x0000000082900000|100%| S|CS|TAMS 0x0000000082800000, 0x0000000082800000| Complete 
|  41|0x0000000082900000, 0x0000000082a00000, 0x0000000082a00000|100%| S|CS|TAMS 0x0000000082900000, 0x0000000082900000| Complete 
|  42|0x0000000082a00000, 0x0000000082a00000, 0x0000000082b00000|  0%| F|  |TAMS 0x0000000082a00000, 0x0000000082a00000| Untracked 
|  43|0x0000000082b00000, 0x0000000082b00000, 0x0000000082c00000|  0%| F|  |TAMS 0x0000000082b00000, 0x0000000082b00000| Untracked 
|  44|0x0000000082c00000, 0x0000000082d00000, 0x0000000082d00000|100%| S|CS|TAMS 0x0000000082c00000, 0x0000000082c00000| Complete 
|  45|0x0000000082d00000, 0x0000000082d00000, 0x0000000082e00000|  0%| F|  |TAMS 0x0000000082d00000, 0x0000000082d00000| Untracked 
|  46|0x0000000082e00000, 0x0000000082e00000, 0x0000000082f00000|  0%| F|  |TAMS 0x0000000082e00000, 0x0000000082e00000| Untracked 
|  47|0x0000000082f00000, 0x0000000082f00000, 0x0000000083000000|  0%| F|  |TAMS 0x0000000082f00000, 0x0000000082f00000| Untracked 
|  48|0x0000000083000000, 0x0000000083000000, 0x0000000083100000|  0%| F|  |TAMS 0x0000000083000000, 0x0000000083000000| Untracked 
|  49|0x0000000083100000, 0x0000000083100000, 0x0000000083200000|  0%| F|  |TAMS 0x0000000083100000, 0x0000000083100000| Untracked 
|  50|0x0000000083200000, 0x0000000083200000, 0x0000000083300000|  0%| F|  |TAMS 0x0000000083200000, 0x0000000083200000| Untracked 
|  51|0x0000000083300000, 0x0000000083300000, 0x0000000083400000|  0%| F|  |TAMS 0x0000000083300000, 0x0000000083300000| Untracked 
|  52|0x0000000083400000, 0x0000000083400000, 0x0000000083500000|  0%| F|  |TAMS 0x0000000083400000, 0x0000000083400000| Untracked 
|  53|0x0000000083500000, 0x0000000083500000, 0x0000000083600000|  0%| F|  |TAMS 0x0000000083500000, 0x0000000083500000| Untracked 
|  54|0x0000000083600000, 0x0000000083600000, 0x0000000083700000|  0%| F|  |TAMS 0x0000000083600000, 0x0000000083600000| Untracked 
|  55|0x0000000083700000, 0x0000000083700000, 0x0000000083800000|  0%| F|  |TAMS 0x0000000083700000, 0x0000000083700000| Untracked 
|  56|0x0000000083800000, 0x0000000083800000, 0x0000000083900000|  0%| F|  |TAMS 0x0000000083800000, 0x0000000083800000| Untracked 
|  57|0x0000000083900000, 0x0000000083900000, 0x0000000083a00000|  0%| F|  |TAMS 0x0000000083900000, 0x0000000083900000| Untracked 
|  58|0x0000000083a00000, 0x0000000083a00000, 0x0000000083b00000|  0%| F|  |TAMS 0x0000000083a00000, 0x0000000083a00000| Untracked 
|  59|0x0000000083b00000, 0x0000000083b00000, 0x0000000083c00000|  0%| F|  |TAMS 0x0000000083b00000, 0x0000000083b00000| Untracked 
|  60|0x0000000083c00000, 0x0000000083c00000, 0x0000000083d00000|  0%| F|  |TAMS 0x0000000083c00000, 0x0000000083c00000| Untracked 
|  61|0x0000000083d00000, 0x0000000083d00000, 0x0000000083e00000|  0%| F|  |TAMS 0x0000000083d00000, 0x0000000083d00000| Untracked 
|  62|0x0000000083e00000, 0x0000000083e00000, 0x0000000083f00000|  0%| F|  |TAMS 0x0000000083e00000, 0x0000000083e00000| Untracked 
|  63|0x0000000083f00000, 0x0000000083f00000, 0x0000000084000000|  0%| F|  |TAMS 0x0000000083f00000, 0x0000000083f00000| Untracked 
|  64|0x0000000084000000, 0x0000000084000000, 0x0000000084100000|  0%| F|  |TAMS 0x0000000084000000, 0x0000000084000000| Untracked 
|  65|0x0000000084100000, 0x0000000084100000, 0x0000000084200000|  0%| F|  |TAMS 0x0000000084100000, 0x0000000084100000| Untracked 
|  66|0x0000000084200000, 0x000000008429d1c8, 0x0000000084300000| 61%| E|  |TAMS 0x0000000084200000, 0x0000000084200000| Complete 
|  67|0x0000000084300000, 0x0000000084400000, 0x0000000084400000|100%| E|CS|TAMS 0x0000000084300000, 0x0000000084300000| Complete 
|  68|0x0000000084400000, 0x0000000084500000, 0x0000000084500000|100%| E|CS|TAMS 0x0000000084400000, 0x0000000084400000| Complete 
|  69|0x0000000084500000, 0x0000000084600000, 0x0000000084600000|100%| E|CS|TAMS 0x0000000084500000, 0x0000000084500000| Complete 
|  70|0x0000000084600000, 0x0000000084700000, 0x0000000084700000|100%| E|CS|TAMS 0x0000000084600000, 0x0000000084600000| Complete 
|  71|0x0000000084700000, 0x0000000084800000, 0x0000000084800000|100%| E|CS|TAMS 0x0000000084700000, 0x0000000084700000| Complete 
|  72|0x0000000084800000, 0x0000000084900000, 0x0000000084900000|100%| E|CS|TAMS 0x0000000084800000, 0x0000000084800000| Complete 
|  73|0x0000000084900000, 0x0000000084a00000, 0x0000000084a00000|100%| E|CS|TAMS 0x0000000084900000, 0x0000000084900000| Complete 
|  74|0x0000000084a00000, 0x0000000084b00000, 0x0000000084b00000|100%| E|CS|TAMS 0x0000000084a00000, 0x0000000084a00000| Complete 
|  75|0x0000000084b00000, 0x0000000084c00000, 0x0000000084c00000|100%| E|CS|TAMS 0x0000000084b00000, 0x0000000084b00000| Complete 
|  76|0x0000000084c00000, 0x0000000084d00000, 0x0000000084d00000|100%| E|CS|TAMS 0x0000000084c00000, 0x0000000084c00000| Complete 
|  77|0x0000000084d00000, 0x0000000084e00000, 0x0000000084e00000|100%| E|CS|TAMS 0x0000000084d00000, 0x0000000084d00000| Complete 
|  78|0x0000000084e00000, 0x0000000084f00000, 0x0000000084f00000|100%| E|CS|TAMS 0x0000000084e00000, 0x0000000084e00000| Complete 
|  79|0x0000000084f00000, 0x0000000085000000, 0x0000000085000000|100%| E|CS|TAMS 0x0000000084f00000, 0x0000000084f00000| Complete 
|  80|0x0000000085000000, 0x0000000085100000, 0x0000000085100000|100%| E|CS|TAMS 0x0000000085000000, 0x0000000085000000| Complete 
|  81|0x0000000085100000, 0x0000000085200000, 0x0000000085200000|100%| E|CS|TAMS 0x0000000085100000, 0x0000000085100000| Complete 
|  82|0x0000000085200000, 0x0000000085300000, 0x0000000085300000|100%| E|CS|TAMS 0x0000000085200000, 0x0000000085200000| Complete 
|  83|0x0000000085300000, 0x0000000085400000, 0x0000000085400000|100%| E|CS|TAMS 0x0000000085300000, 0x0000000085300000| Complete 
|  84|0x0000000085400000, 0x0000000085500000, 0x0000000085500000|100%| E|CS|TAMS 0x0000000085400000, 0x0000000085400000| Complete 
|  85|0x0000000085500000, 0x0000000085600000, 0x0000000085600000|100%| E|CS|TAMS 0x0000000085500000, 0x0000000085500000| Complete 
|  86|0x0000000085600000, 0x0000000085700000, 0x0000000085700000|100%| E|CS|TAMS 0x0000000085600000, 0x0000000085600000| Complete 
|  87|0x0000000085700000, 0x0000000085800000, 0x0000000085800000|100%| E|CS|TAMS 0x0000000085700000, 0x0000000085700000| Complete 
|  88|0x0000000085800000, 0x0000000085900000, 0x0000000085900000|100%| E|CS|TAMS 0x0000000085800000, 0x0000000085800000| Complete 
| 191|0x000000008bf00000, 0x000000008c000000, 0x000000008c000000|100%| E|CS|TAMS 0x000000008bf00000, 0x000000008bf00000| Complete 
| 192|0x000000008c000000, 0x000000008c100000, 0x000000008c100000|100%| E|CS|TAMS 0x000000008c000000, 0x000000008c000000| Complete 
| 193|0x000000008c100000, 0x000000008c200000, 0x000000008c200000|100%| E|CS|TAMS 0x000000008c100000, 0x000000008c100000| Complete 
| 194|0x000000008c200000, 0x000000008c300000, 0x000000008c300000|100%| E|CS|TAMS 0x000000008c200000, 0x000000008c200000| Complete 
| 195|0x000000008c300000, 0x000000008c400000, 0x000000008c400000|100%| E|CS|TAMS 0x000000008c300000, 0x000000008c300000| Complete 
| 196|0x000000008c400000, 0x000000008c500000, 0x000000008c500000|100%| E|CS|TAMS 0x000000008c400000, 0x000000008c400000| Complete 
| 197|0x000000008c500000, 0x000000008c600000, 0x000000008c600000|100%| E|CS|TAMS 0x000000008c500000, 0x000000008c500000| Complete 
| 198|0x000000008c600000, 0x000000008c700000, 0x000000008c700000|100%| E|CS|TAMS 0x000000008c600000, 0x000000008c600000| Complete 
| 199|0x000000008c700000, 0x000000008c800000, 0x000000008c800000|100%| E|CS|TAMS 0x000000008c700000, 0x000000008c700000| Complete 
| 251|0x000000008fb00000, 0x000000008fc00000, 0x000000008fc00000|100%| E|CS|TAMS 0x000000008fb00000, 0x000000008fb00000| Complete 

Card table byte_map: [0x00000204ba6c0000,0x00000204baac0000] _byte_map_base: 0x00000204ba2c0000

Marking Bits (Prev, Next): (CMBitMap*) 0x00000204a75c8f30, (CMBitMap*) 0x00000204a75c8f70
 Prev Bits: [0x00000204baec0000, 0x00000204bcec0000)
 Next Bits: [0x00000204bcec0000, 0x00000204beec0000)

Polling page: 0x00000204a54e0000

Metaspace:

Usage:
  Non-class:     41.92 MB used.
      Class:      6.66 MB used.
       Both:     48.58 MB used.

Virtual space:
  Non-class space:       64.00 MB reserved,      42.19 MB ( 66%) committed,  1 nodes.
      Class space:        1.00 GB reserved,       6.88 MB ( <1%) committed,  1 nodes.
             Both:        1.06 GB reserved,      49.06 MB (  5%) committed. 

Chunk freelists:
   Non-Class:  5.36 MB
       Class:  9.16 MB
        Both:  14.52 MB

MaxMetaspaceSize: unlimited
CompressedClassSpaceSize: 1.00 GB
Initial GC threshold: 21.00 MB
Current GC threshold: 58.75 MB
CDS: off
MetaspaceReclaimPolicy: balanced
 - commit_granule_bytes: 65536.
 - commit_granule_words: 8192.
 - virtual_space_node_default_size: 8388608.
 - enlarge_chunks_in_place: 1.
 - new_chunks_are_fully_committed: 0.
 - uncommit_free_chunks: 1.
 - use_allocation_guard: 0.
 - handle_deallocations: 1.


Internal statistics:

num_allocs_failed_limit: 6.
num_arena_births: 468.
num_arena_deaths: 0.
num_vsnodes_births: 2.
num_vsnodes_deaths: 0.
num_space_committed: 785.
num_space_uncommitted: 0.
num_chunks_returned_to_freelist: 6.
num_chunks_taken_from_freelist: 2047.
num_chunk_merges: 6.
num_chunk_splits: 1336.
num_chunks_enlarged: 923.
num_inconsistent_stats: 0.

CodeHeap 'non-profiled nmethods': size=119168Kb used=2614Kb max_used=2614Kb free=116553Kb
 bounds [0x00000204b25e0000, 0x00000204b2870000, 0x00000204b9a40000]
CodeHeap 'profiled nmethods': size=119104Kb used=9704Kb max_used=9704Kb free=109399Kb
 bounds [0x00000204aaa40000, 0x00000204ab3c0000, 0x00000204b1e90000]
CodeHeap 'non-nmethods': size=7488Kb used=3296Kb max_used=3383Kb free=4191Kb
 bounds [0x00000204b1e90000, 0x00000204b21f0000, 0x00000204b25e0000]
 total_blobs=5299 nmethods=4619 adapters=588
 compilation: enabled
              stopped_count=0, restarted_count=0
 full_count=0

Compilation events (20 events):
Event: 4.155 Thread 0x00000204c23149f0 nmethod 4607 0x00000204ab3a6190 code [0x00000204ab3a6320, 0x00000204ab3a6458]
Event: 4.155 Thread 0x00000204c23149f0 4608       1       com.google.common.cache.LocalCache$StrongValueReference::getWeight (2 bytes)
Event: 4.155 Thread 0x00000204c23149f0 nmethod 4608 0x00000204b286cf90 code [0x00000204b286d120, 0x00000204b286d1f8]
Event: 4.156 Thread 0x00000204c23144d0 nmethod 4605 0x00000204ab3a6510 code [0x00000204ab3a6700, 0x00000204ab3a6d38]
Event: 4.156 Thread 0x00000204c7b59010 nmethod 4602 0x00000204ab3a6f90 code [0x00000204ab3a7280, 0x00000204ab3a82e8]
Event: 4.157 Thread 0x00000204c23144d0 4609       3       java.security.MessageDigest::digest (12 bytes)
Event: 4.157 Thread 0x00000204c217ce80 4610       3       java.security.MessageDigest$Delegate::engineDigest (8 bytes)
Event: 4.157 Thread 0x00000204c7b59010 4611   !   3       sun.security.provider.DigestBase::engineDigest (39 bytes)
Event: 4.157 Thread 0x00000204c217ce80 nmethod 4610 0x00000204ab3a8990 code [0x00000204ab3a8b40, 0x00000204ab3a8d08]
Event: 4.157 Thread 0x00000204c23144d0 nmethod 4609 0x00000204ab3a8e10 code [0x00000204ab3a8fc0, 0x00000204ab3a9288]
Event: 4.157 Thread 0x00000204c7b59010 nmethod 4611 0x00000204ab3a9390 code [0x00000204ab3a9560, 0x00000204ab3a9a08]
Event: 4.157 Thread 0x00000204c7b59010 4612       3       com.google.common.collect.MapMakerInternalMap::segmentFor (17 bytes)
Event: 4.157 Thread 0x00000204c23144d0 4613       3       com.google.common.collect.MapMakerInternalMap::hash (14 bytes)
Event: 4.157 Thread 0x00000204c217ce80 4614       3       com.google.common.collect.MapMakerInternalMap::rehash (49 bytes)
Event: 4.158 Thread 0x00000204c7b59010 nmethod 4612 0x00000204ab3a9b90 code [0x00000204ab3a9d20, 0x00000204ab3a9e58]
Event: 4.158 Thread 0x00000204c217ce80 nmethod 4614 0x00000204ab3a9f10 code [0x00000204ab3aa0a0, 0x00000204ab3aa1d8]
Event: 4.158 Thread 0x00000204c23144d0 nmethod 4613 0x00000204ab3aa290 code [0x00000204ab3aa440, 0x00000204ab3aa6d8]
Event: 4.158 Thread 0x00000204c23144d0 4615       1       com.google.common.collect.MapMakerInternalMap$AbstractWeakKeyEntry::getHash (5 bytes)
Event: 4.158 Thread 0x00000204c23144d0 nmethod 4615 0x00000204b286d290 code [0x00000204b286d420, 0x00000204b286d4f8]
Event: 4.158 Thread 0x00000204c23144d0 4616       3       com.google.common.cache.LocalCache$AbstractReferenceEntry::<init> (5 bytes)

GC Heap History (20 events):
Event: 0.509 GC heap before
{Heap before GC invocations=0 (full 0):
 garbage-first heap   total 258048K, used 26624K [0x0000000080000000, 0x0000000100000000)
  region size 1024K, 23 young (23552K), 0 survivors (0K)
 Metaspace       used 10344K, committed 10496K, reserved 1114112K
  class space    used 1062K, committed 1152K, reserved 1048576K
}
Event: 0.512 GC heap after
{Heap after GC invocations=1 (full 0):
 garbage-first heap   total 258048K, used 10663K [0x0000000080000000, 0x0000000100000000)
  region size 1024K, 3 young (3072K), 3 survivors (3072K)
 Metaspace       used 10344K, committed 10496K, reserved 1114112K
  class space    used 1062K, committed 1152K, reserved 1048576K
}
Event: 0.796 GC heap before
{Heap before GC invocations=1 (full 0):
 garbage-first heap   total 258048K, used 39335K [0x0000000080000000, 0x0000000100000000)
  region size 1024K, 31 young (31744K), 3 survivors (3072K)
 Metaspace       used 11509K, committed 11712K, reserved 1114112K
  class space    used 1197K, committed 1280K, reserved 1048576K
}
Event: 0.798 GC heap after
{Heap after GC invocations=2 (full 0):
 garbage-first heap   total 258048K, used 11905K [0x0000000080000000, 0x0000000100000000)
  region size 1024K, 1 young (1024K), 1 survivors (1024K)
 Metaspace       used 11509K, committed 11712K, reserved 1114112K
  class space    used 1197K, committed 1280K, reserved 1048576K
}
Event: 1.493 GC heap before
{Heap before GC invocations=2 (full 0):
 garbage-first heap   total 258048K, used 63105K [0x0000000080000000, 0x0000000100000000)
  region size 1024K, 52 young (53248K), 1 survivors (1024K)
 Metaspace       used 21294K, committed 21504K, reserved 1114112K
  class space    used 2497K, committed 2624K, reserved 1048576K
}
Event: 1.497 GC heap after
{Heap after GC invocations=3 (full 0):
 garbage-first heap   total 258048K, used 19848K [0x0000000080000000, 0x0000000100000000)
  region size 1024K, 9 young (9216K), 9 survivors (9216K)
 Metaspace       used 21294K, committed 21504K, reserved 1114112K
  class space    used 2497K, committed 2624K, reserved 1048576K
}
Event: 2.031 GC heap before
{Heap before GC invocations=4 (full 0):
 garbage-first heap   total 71680K, used 53640K [0x0000000080000000, 0x0000000100000000)
  region size 1024K, 42 young (43008K), 9 survivors (9216K)
 Metaspace       used 26414K, committed 26688K, reserved 1114112K
  class space    used 3379K, committed 3456K, reserved 1048576K
}
Event: 2.036 GC heap after
{Heap after GC invocations=5 (full 0):
 garbage-first heap   total 71680K, used 21785K [0x0000000080000000, 0x0000000100000000)
  region size 1024K, 2 young (2048K), 2 survivors (2048K)
 Metaspace       used 26414K, committed 26688K, reserved 1114112K
  class space    used 3379K, committed 3456K, reserved 1048576K
}
Event: 2.376 GC heap before
{Heap before GC invocations=5 (full 0):
 garbage-first heap   total 71680K, used 50457K [0x0000000080000000, 0x0000000100000000)
  region size 1024K, 30 young (30720K), 2 survivors (2048K)
 Metaspace       used 30346K, committed 30656K, reserved 1114112K
  class space    used 4055K, committed 4160K, reserved 1048576K
}
Event: 2.378 GC heap after
{Heap after GC invocations=6 (full 0):
 garbage-first heap   total 71680K, used 23166K [0x0000000080000000, 0x0000000100000000)
  region size 1024K, 4 young (4096K), 4 survivors (4096K)
 Metaspace       used 30346K, committed 30656K, reserved 1114112K
  class space    used 4055K, committed 4160K, reserved 1048576K
}
Event: 2.670 GC heap before
{Heap before GC invocations=6 (full 0):
 garbage-first heap   total 71680K, used 51838K [0x0000000080000000, 0x0000000100000000)
  region size 1024K, 32 young (32768K), 4 survivors (4096K)
 Metaspace       used 33790K, committed 34112K, reserved 1114112K
  class space    used 4616K, committed 4800K, reserved 1048576K
}
Event: 2.673 GC heap after
{Heap after GC invocations=7 (full 0):
 garbage-first heap   total 71680K, used 24514K [0x0000000080000000, 0x0000000100000000)
  region size 1024K, 3 young (3072K), 3 survivors (3072K)
 Metaspace       used 33790K, committed 34112K, reserved 1114112K
  class space    used 4616K, committed 4800K, reserved 1048576K
}
Event: 2.830 GC heap before
{Heap before GC invocations=7 (full 0):
 garbage-first heap   total 71680K, used 32706K [0x0000000080000000, 0x0000000100000000)
  region size 1024K, 13 young (13312K), 3 survivors (3072K)
 Metaspace       used 35686K, committed 35968K, reserved 1114112K
  class space    used 4867K, committed 4992K, reserved 1048576K
}
Event: 2.833 GC heap after
{Heap after GC invocations=8 (full 0):
 garbage-first heap   total 71680K, used 25134K [0x0000000080000000, 0x0000000100000000)
  region size 1024K, 2 young (2048K), 2 survivors (2048K)
 Metaspace       used 35686K, committed 35968K, reserved 1114112K
  class space    used 4867K, committed 4992K, reserved 1048576K
}
Event: 3.186 GC heap before
{Heap before GC invocations=9 (full 0):
 garbage-first heap   total 71680K, used 54830K [0x0000000080000000, 0x0000000100000000)
  region size 1024K, 32 young (32768K), 2 survivors (2048K)
 Metaspace       used 40978K, committed 41280K, reserved 1114112K
  class space    used 5416K, committed 5568K, reserved 1048576K
}
Event: 3.189 GC heap after
{Heap after GC invocations=10 (full 0):
 garbage-first heap   total 71680K, used 28904K [0x0000000080000000, 0x0000000100000000)
  region size 1024K, 4 young (4096K), 4 survivors (4096K)
 Metaspace       used 40978K, committed 41280K, reserved 1114112K
  class space    used 5416K, committed 5568K, reserved 1048576K
}
Event: 3.328 GC heap before
{Heap before GC invocations=10 (full 0):
 garbage-first heap   total 71680K, used 55528K [0x0000000080000000, 0x0000000100000000)
  region size 1024K, 30 young (30720K), 4 survivors (4096K)
 Metaspace       used 42098K, committed 42496K, reserved 1114112K
  class space    used 5598K, committed 5760K, reserved 1048576K
}
Event: 3.331 GC heap after
{Heap after GC invocations=11 (full 0):
 garbage-first heap   total 71680K, used 30622K [0x0000000080000000, 0x0000000100000000)
  region size 1024K, 2 young (2048K), 2 survivors (2048K)
 Metaspace       used 42098K, committed 42496K, reserved 1114112K
  class space    used 5598K, committed 5760K, reserved 1048576K
}
Event: 3.647 GC heap before
{Heap before GC invocations=11 (full 0):
 garbage-first heap   total 71680K, used 55198K [0x0000000080000000, 0x0000000100000000)
  region size 1024K, 27 young (27648K), 2 survivors (2048K)
 Metaspace       used 45319K, committed 45760K, reserved 1114112K
  class space    used 6135K, committed 6336K, reserved 1048576K
}
Event: 3.650 GC heap after
{Heap after GC invocations=12 (full 0):
 garbage-first heap   total 101376K, used 32544K [0x0000000080000000, 0x0000000100000000)
  region size 1024K, 4 young (4096K), 4 survivors (4096K)
 Metaspace       used 45319K, committed 45760K, reserved 1114112K
  class space    used 6135K, committed 6336K, reserved 1048576K
}

Dll operation events (3 events):
Event: 0.006 Loaded shared library C:\Program Files\Android\Android Studio\jbr\bin\java.dll
Event: 0.106 Loaded shared library C:\Program Files\Android\Android Studio\jbr\bin\zip.dll
Event: 0.307 Loaded shared library C:\Program Files\Android\Android Studio\jbr\bin\verify.dll

Deoptimization events (20 events):
Event: 3.844 Thread 0x00000204c81233c0 Uncommon trap: trap_request=0xffffff45 fr.pc=0x00000204b27e4728 relative=0x00000000000000a8
Event: 3.844 Thread 0x00000204c81233c0 Uncommon trap: reason=unstable_if action=reinterpret pc=0x00000204b27e4728 method=java.net.URI.match(CJJ)Z @ 45 c2
Event: 3.844 Thread 0x00000204c81233c0 DEOPT PACKING pc=0x00000204b27e4728 sp=0x00000070827f9ed0
Event: 3.844 Thread 0x00000204c81233c0 DEOPT UNPACKING pc=0x00000204b1ee69a3 sp=0x00000070827f9e58 mode 2
Event: 3.876 Thread 0x00000204c81233c0 Uncommon trap: trap_request=0xffffff45 fr.pc=0x00000204b2651004 relative=0x00000000000001e4
Event: 3.876 Thread 0x00000204c81233c0 Uncommon trap: reason=unstable_if action=reinterpret pc=0x00000204b2651004 method=java.net.URI$Parser.scan(IILjava/lang/String;)I @ 26 c2
Event: 3.876 Thread 0x00000204c81233c0 DEOPT PACKING pc=0x00000204b2651004 sp=0x00000070827f9dd0
Event: 3.876 Thread 0x00000204c81233c0 DEOPT UNPACKING pc=0x00000204b1ee69a3 sp=0x00000070827f9d80 mode 2
Event: 4.021 Thread 0x00000204c81233c0 Uncommon trap: trap_request=0xffffffde fr.pc=0x00000204b26ee5d0 relative=0x0000000000000af0
Event: 4.021 Thread 0x00000204c81233c0 Uncommon trap: reason=class_check action=maybe_recompile pc=0x00000204b26ee5d0 method=java.util.Collections$SetFromMap.remove(Ljava/lang/Object;)Z @ 5 c2
Event: 4.021 Thread 0x00000204c81233c0 DEOPT PACKING pc=0x00000204b26ee5d0 sp=0x00000070827fa8a0
Event: 4.021 Thread 0x00000204c81233c0 DEOPT UNPACKING pc=0x00000204b1ee69a3 sp=0x00000070827fa898 mode 2
Event: 4.039 Thread 0x00000204c81233c0 Uncommon trap: trap_request=0xffffffde fr.pc=0x00000204b26ee5d0 relative=0x0000000000000af0
Event: 4.039 Thread 0x00000204c81233c0 Uncommon trap: reason=class_check action=maybe_recompile pc=0x00000204b26ee5d0 method=java.util.Collections$SetFromMap.remove(Ljava/lang/Object;)Z @ 5 c2
Event: 4.039 Thread 0x00000204c81233c0 DEOPT PACKING pc=0x00000204b26ee5d0 sp=0x00000070827faad0
Event: 4.039 Thread 0x00000204c81233c0 DEOPT UNPACKING pc=0x00000204b1ee69a3 sp=0x00000070827faac8 mode 2
Event: 4.131 Thread 0x00000204c81233c0 Uncommon trap: trap_request=0xffffffc6 fr.pc=0x00000204b27ff474 relative=0x0000000000002694
Event: 4.131 Thread 0x00000204c81233c0 Uncommon trap: reason=bimorphic_or_optimized_type_check action=maybe_recompile pc=0x00000204b27ff474 method=java.util.regex.Pattern$CharProperty.study(Ljava/util/regex/Pattern$TreeInfo;)Z @ 25 c2
Event: 4.131 Thread 0x00000204c81233c0 DEOPT PACKING pc=0x00000204b27ff474 sp=0x00000070827fa0c0
Event: 4.131 Thread 0x00000204c81233c0 DEOPT UNPACKING pc=0x00000204b1ee69a3 sp=0x00000070827f9fb8 mode 2

Classes unloaded (0 events):
No events

Classes redefined (0 events):
No events

Internal exceptions (20 events):
Event: 3.456 Thread 0x00000204c81233c0 Exception <a 'java/lang/NoSuchMethodError'{0x000000008c0a48d0}: 'java.lang.Object java.lang.invoke.DirectMethodHandle$Holder.invokeStatic(java.lang.Object, java.lang.Object, int, java.lang.Object)'> (0x000000008c0a48d0) 
thrown [s\src\hotspot\share\interpreter\linkResolver.cpp, line 771]
Event: 3.457 Thread 0x00000204c81233c0 Exception <a 'java/lang/NoSuchMethodError'{0x000000008c0ac670}: 'java.lang.Object java.lang.invoke.DirectMethodHandle$Holder.newInvokeSpecial(java.lang.Object, java.lang.Object, int, java.lang.Object)'> (0x000000008c0ac670) 
thrown [s\src\hotspot\share\interpreter\linkResolver.cpp, line 771]
Event: 3.457 Thread 0x00000204c81233c0 Exception <a 'java/lang/NoSuchMethodError'{0x000000008c0b1200}: 'java.lang.Object java.lang.invoke.DirectMethodHandle$Holder.invokeSpecial(java.lang.Object, java.lang.Object, java.lang.Object, int, java.lang.Object)'> (0x000000008c0b1200) 
thrown [s\src\hotspot\share\interpreter\linkResolver.cpp, line 771]
Event: 3.470 Thread 0x00000204c81233c0 Exception <a 'java/lang/NoSuchMethodError'{0x000000008bf98760}: 'void java.lang.invoke.DirectMethodHandle$Holder.invokeStatic(java.lang.Object, java.lang.Object, java.lang.Object, java.lang.Object, java.lang.Object, java.lang.Object)'> (0x000000008bf98760) 
thrown [s\src\hotspot\share\interpreter\linkResolver.cpp, line 771]
Event: 3.505 Thread 0x00000204c81233c0 Exception <a 'java/lang/NoSuchMethodError'{0x0000000083ad1b20}: 'java.lang.Object java.lang.invoke.DirectMethodHandle$Holder.newInvokeSpecial(java.lang.Object, java.lang.Object, java.lang.Object, java.lang.Object, int)'> (0x0000000083ad1b20) 
thrown [s\src\hotspot\share\interpreter\linkResolver.cpp, line 771]
Event: 3.506 Thread 0x00000204c81233c0 Exception <a 'java/lang/NoSuchMethodError'{0x0000000083ad6ba0}: 'java.lang.Object java.lang.invoke.DirectMethodHandle$Holder.invokeSpecial(java.lang.Object, java.lang.Object, java.lang.Object, java.lang.Object, java.lang.Object, int)'> (0x0000000083ad6ba0) 
thrown [s\src\hotspot\share\interpreter\linkResolver.cpp, line 771]
Event: 3.506 Thread 0x00000204c81233c0 Exception <a 'java/lang/NoSuchMethodError'{0x0000000083adb5d0}: 'java.lang.Object java.lang.invoke.Invokers$Holder.linkToTargetMethod(java.lang.Object, java.lang.Object, java.lang.Object, int, java.lang.Object)'> (0x0000000083adb5d0) 
thrown [s\src\hotspot\share\interpreter\linkResolver.cpp, line 771]
Event: 3.530 Thread 0x00000204c81233c0 Exception <a 'java/lang/NoSuchMethodError'{0x00000000838aed10}: 'int java.lang.invoke.DirectMethodHandle$Holder.invokeInterface(java.lang.Object, java.lang.Object, java.lang.Object, java.lang.Object)'> (0x00000000838aed10) 
thrown [s\src\hotspot\share\interpreter\linkResolver.cpp, line 771]
Event: 3.599 Thread 0x00000204c81233c0 Implicit null exception at 0x00000204b2775e6c to 0x00000204b2775f10
Event: 3.674 Thread 0x00000204c81233c0 Exception <a 'java/lang/NoSuchMethodError'{0x000000008c62ab08}: 'void java.lang.invoke.DirectMethodHandle$Holder.invokeInterface(java.lang.Object, java.lang.Object)'> (0x000000008c62ab08) 
thrown [s\src\hotspot\share\interpreter\linkResolver.cpp, line 771]
Event: 3.675 Thread 0x00000204c81233c0 Exception <a 'java/lang/IncompatibleClassChangeError'{0x000000008c635fb8}: Found class java.lang.Object, but interface was expected> (0x000000008c635fb8) 
thrown [s\src\hotspot\share\interpreter\linkResolver.cpp, line 838]
Event: 3.708 Thread 0x00000204c81233c0 Exception <a 'java/lang/NoSuchMethodError'{0x000000008c4c5dc8}: 'java.lang.Object java.lang.invoke.DirectMethodHandle$Holder.newInvokeSpecial(java.lang.Object, int, java.lang.Object)'> (0x000000008c4c5dc8) 
thrown [s\src\hotspot\share\interpreter\linkResolver.cpp, line 771]
Event: 3.953 Thread 0x00000204c81233c0 Exception <a 'sun/nio/fs/WindowsException'{0x0000000085087d90}> (0x0000000085087d90) 
thrown [s\src\hotspot\share\prims\jni.cpp, line 517]
Event: 3.954 Thread 0x00000204c81233c0 Exception <a 'sun/nio/fs/WindowsException'{0x00000000850881e0}> (0x00000000850881e0) 
thrown [s\src\hotspot\share\prims\jni.cpp, line 517]
Event: 3.954 Thread 0x00000204c81233c0 Exception <a 'sun/nio/fs/WindowsException'{0x000000008508ab48}> (0x000000008508ab48) 
thrown [s\src\hotspot\share\prims\jni.cpp, line 517]
Event: 3.954 Thread 0x00000204c81233c0 Exception <a 'sun/nio/fs/WindowsException'{0x000000008508b098}> (0x000000008508b098) 
thrown [s\src\hotspot\share\prims\jni.cpp, line 517]
Event: 3.956 Thread 0x00000204c81233c0 Exception <a 'java/lang/NoSuchMethodError'{0x00000000850985b8}: 'java.lang.Object java.lang.invoke.DirectMethodHandle$Holder.newInvokeSpecial(java.lang.Object, java.lang.Object, int)'> (0x00000000850985b8) 
thrown [s\src\hotspot\share\interpreter\linkResolver.cpp, line 771]
Event: 4.000 Thread 0x00000204c81233c0 Exception <a 'sun/nio/fs/WindowsException'{0x0000000084d18f20}> (0x0000000084d18f20) 
thrown [s\src\hotspot\share\prims\jni.cpp, line 517]
Event: 4.000 Thread 0x00000204c81233c0 Exception <a 'sun/nio/fs/WindowsException'{0x0000000084d19470}> (0x0000000084d19470) 
thrown [s\src\hotspot\share\prims\jni.cpp, line 517]
Event: 4.143 Thread 0x00000204c81233c0 Exception <a 'java/lang/NoSuchMethodError'{0x00000000844dc488}: 'void java.lang.invoke.DirectMethodHandle$Holder.invokeStatic(java.lang.Object, java.lang.Object, java.lang.Object, java.lang.Object, java.lang.Object, java.lang.Object, java.lang.Object)'> (0x00000000844dc488) 
thrown [s\src\hotspot\share\interpreter\linkResolver.cpp, line 771]

VM Operations (20 events):
Event: 3.347 Executing VM operation: HandshakeAllThreads
Event: 3.347 Executing VM operation: HandshakeAllThreads done
Event: 3.361 Executing VM operation: HandshakeAllThreads
Event: 3.361 Executing VM operation: HandshakeAllThreads done
Event: 3.362 Executing VM operation: HandshakeAllThreads
Event: 3.362 Executing VM operation: HandshakeAllThreads done
Event: 3.521 Executing VM operation: HandshakeAllThreads
Event: 3.521 Executing VM operation: HandshakeAllThreads done
Event: 3.524 Executing VM operation: HandshakeAllThreads
Event: 3.525 Executing VM operation: HandshakeAllThreads done
Event: 3.529 Executing VM operation: HandshakeAllThreads
Event: 3.529 Executing VM operation: HandshakeAllThreads done
Event: 3.583 Executing VM operation: HandshakeAllThreads
Event: 3.583 Executing VM operation: HandshakeAllThreads done
Event: 3.647 Executing VM operation: G1CollectForAllocation
Event: 3.651 Executing VM operation: G1CollectForAllocation done
Event: 4.128 Executing VM operation: HandshakeAllThreads
Event: 4.129 Executing VM operation: HandshakeAllThreads done
Event: 4.157 Executing VM operation: HandshakeAllThreads
Event: 4.157 Executing VM operation: HandshakeAllThreads done

Events (20 events):
Event: 4.043 loading class sun/nio/ch/ChannelInputStream
Event: 4.043 loading class sun/nio/ch/ChannelInputStream done
Event: 4.044 loading class java/nio/channels/Channels$ReadableByteChannelImpl
Event: 4.044 loading class java/nio/channels/Channels$ReadableByteChannelImpl done
Event: 4.053 loading class java/util/EmptyStackException
Event: 4.053 loading class java/util/EmptyStackException done
Event: 4.057 loading class java/io/InvalidClassException
Event: 4.057 loading class java/io/InvalidClassException done
Event: 4.128 loading class java/util/stream/SortedOps
Event: 4.128 loading class java/util/stream/SortedOps done
Event: 4.128 loading class java/util/stream/SortedOps$OfRef
Event: 4.128 loading class java/util/stream/ReferencePipeline$StatefulOp
Event: 4.128 loading class java/util/stream/ReferencePipeline$StatefulOp done
Event: 4.128 loading class java/util/stream/SortedOps$OfRef done
Event: 4.129 loading class java/util/stream/SortedOps$SizedRefSortingSink
Event: 4.129 loading class java/util/stream/SortedOps$AbstractRefSortingSink
Event: 4.129 loading class java/util/stream/SortedOps$AbstractRefSortingSink done
Event: 4.129 loading class java/util/stream/SortedOps$SizedRefSortingSink done
Event: 4.147 loading class java/util/Comparators$NaturalOrderComparator
Event: 4.147 loading class java/util/Comparators$NaturalOrderComparator done


Dynamic libraries:
0x00007ff633b40000 - 0x00007ff633b4a000 	C:\Program Files\Android\Android Studio\jbr\bin\java.exe
0x00007ffe0d1d0000 - 0x00007ffe0d3e7000 	C:\WINDOWS\SYSTEM32\ntdll.dll
0x00007ffe0c720000 - 0x00007ffe0c7e4000 	C:\WINDOWS\System32\KERNEL32.DLL
0x00007ffe0a7e0000 - 0x00007ffe0ab87000 	C:\WINDOWS\System32\KERNELBASE.dll
0x00007ffe0a6c0000 - 0x00007ffe0a7d1000 	C:\WINDOWS\System32\ucrtbase.dll
0x00007ffddb500000 - 0x00007ffddb51b000 	C:\Program Files\Android\Android Studio\jbr\bin\VCRUNTIME140.dll
0x00007ffde1e60000 - 0x00007ffde1e77000 	C:\Program Files\Android\Android Studio\jbr\bin\jli.dll
0x00007ffe0cae0000 - 0x00007ffe0cc8e000 	C:\WINDOWS\System32\USER32.dll
0x00007ffe0ab90000 - 0x00007ffe0abb6000 	C:\WINDOWS\System32\win32u.dll
0x00007ffdf3a00000 - 0x00007ffdf3c93000 	C:\WINDOWS\WinSxS\amd64_microsoft.windows.common-controls_6595b64144ccf1df_6.0.22621.3527_none_270e469b73872a76\COMCTL32.dll
0x00007ffe0c340000 - 0x00007ffe0c369000 	C:\WINDOWS\System32\GDI32.dll
0x00007ffe0abc0000 - 0x00007ffe0acd9000 	C:\WINDOWS\System32\gdi32full.dll
0x00007ffe0a5b0000 - 0x00007ffe0a64a000 	C:\WINDOWS\System32\msvcp_win.dll
0x00007ffe0c230000 - 0x00007ffe0c2d7000 	C:\WINDOWS\System32\msvcrt.dll
0x00007ffe0cc90000 - 0x00007ffe0ccc1000 	C:\WINDOWS\System32\IMM32.DLL
0x00007ffe05640000 - 0x00007ffe0564c000 	C:\Program Files\Android\Android Studio\jbr\bin\vcruntime140_1.dll
0x00007ffdc81f0000 - 0x00007ffdc827d000 	C:\Program Files\Android\Android Studio\jbr\bin\msvcp140.dll
0x00007ffda5bc0000 - 0x00007ffda6843000 	C:\Program Files\Android\Android Studio\jbr\bin\server\jvm.dll
0x00007ffe0b1c0000 - 0x00007ffe0b272000 	C:\WINDOWS\System32\ADVAPI32.dll
0x00007ffe0ca30000 - 0x00007ffe0cad8000 	C:\WINDOWS\System32\sechost.dll
0x00007ffe0aed0000 - 0x00007ffe0aef8000 	C:\WINDOWS\System32\bcrypt.dll
0x00007ffe0b380000 - 0x00007ffe0b495000 	C:\WINDOWS\System32\RPCRT4.dll
0x00007ffe034d0000 - 0x00007ffe03504000 	C:\WINDOWS\SYSTEM32\WINMM.dll
0x00007ffe04bd0000 - 0x00007ffe04bd9000 	C:\WINDOWS\SYSTEM32\WSOCK32.dll
0x00007ffe0a3b0000 - 0x00007ffe0a3fd000 	C:\WINDOWS\SYSTEM32\POWRPROF.dll
0x00007ffe0b2e0000 - 0x00007ffe0b351000 	C:\WINDOWS\System32\WS2_32.dll
0x00007ffdf6090000 - 0x00007ffdf609a000 	C:\WINDOWS\SYSTEM32\VERSION.dll
0x00007ffe0a390000 - 0x00007ffe0a3a3000 	C:\WINDOWS\SYSTEM32\UMPDC.dll
0x00007ffe09470000 - 0x00007ffe09488000 	C:\WINDOWS\SYSTEM32\kernel.appcore.dll
0x00007ffe04bb0000 - 0x00007ffe04bba000 	C:\Program Files\Android\Android Studio\jbr\bin\jimage.dll
0x00007ffe07b90000 - 0x00007ffe07dc2000 	C:\WINDOWS\SYSTEM32\DBGHELP.DLL
0x00007ffe0c370000 - 0x00007ffe0c6f8000 	C:\WINDOWS\System32\combase.dll
0x00007ffe0c950000 - 0x00007ffe0ca27000 	C:\WINDOWS\System32\OLEAUT32.dll
0x00007ffde2730000 - 0x00007ffde2762000 	C:\WINDOWS\SYSTEM32\dbgcore.DLL
0x00007ffe0ae50000 - 0x00007ffe0aec9000 	C:\WINDOWS\System32\bcryptPrimitives.dll
0x00007ffde1f60000 - 0x00007ffde1f6e000 	C:\Program Files\Android\Android Studio\jbr\bin\instrument.dll
0x00007ffdface0000 - 0x00007ffdfad05000 	C:\Program Files\Android\Android Studio\jbr\bin\java.dll
0x00007ffdf6740000 - 0x00007ffdf6758000 	C:\Program Files\Android\Android Studio\jbr\bin\zip.dll
0x00007ffe0b540000 - 0x00007ffe0bd9c000 	C:\WINDOWS\System32\SHELL32.dll
0x00007ffe083e0000 - 0x00007ffe08cd6000 	C:\WINDOWS\SYSTEM32\windows.storage.dll
0x00007ffe08140000 - 0x00007ffe0827e000 	C:\WINDOWS\SYSTEM32\wintypes.dll
0x00007ffe0d040000 - 0x00007ffe0d135000 	C:\WINDOWS\System32\SHCORE.dll
0x00007ffe0b280000 - 0x00007ffe0b2de000 	C:\WINDOWS\System32\shlwapi.dll
0x00007ffe0a420000 - 0x00007ffe0a441000 	C:\WINDOWS\SYSTEM32\profapi.dll
0x00007ffdf6720000 - 0x00007ffdf6739000 	C:\Program Files\Android\Android Studio\jbr\bin\net.dll
0x00007ffe04be0000 - 0x00007ffe04d16000 	C:\WINDOWS\SYSTEM32\WINHTTP.dll
0x00007ffe09930000 - 0x00007ffe09999000 	C:\WINDOWS\system32\mswsock.dll
0x00007ffdf6700000 - 0x00007ffdf6716000 	C:\Program Files\Android\Android Studio\jbr\bin\nio.dll
0x00007ffdf66f0000 - 0x00007ffdf6700000 	C:\Program Files\Android\Android Studio\jbr\bin\verify.dll
0x00007ffe01740000 - 0x00007ffe01767000 	C:\Users\Asus\.gradle\native\c067742578af261105cb4f569cf0c3c89f3d7b1fecec35dd04571415982c5e48\windows-amd64\native-platform.dll
0x00007ffdc4ec0000 - 0x00007ffdc5004000 	C:\Users\Asus\.gradle\native\38dada09dfb8b06ba9b0570ebf7e218e3eb74d4ef43ca46872605cf95ebc2f47\windows-amd64\native-platform-file-events.dll
0x00007ffdf6600000 - 0x00007ffdf6609000 	C:\Program Files\Android\Android Studio\jbr\bin\management.dll
0x00007ffdf4be0000 - 0x00007ffdf4beb000 	C:\Program Files\Android\Android Studio\jbr\bin\management_ext.dll
0x00007ffe0c710000 - 0x00007ffe0c718000 	C:\WINDOWS\System32\PSAPI.DLL
0x00007ffe09b40000 - 0x00007ffe09b5b000 	C:\WINDOWS\SYSTEM32\CRYPTSP.dll
0x00007ffe09430000 - 0x00007ffe09465000 	C:\WINDOWS\system32\rsaenh.dll
0x00007ffe099e0000 - 0x00007ffe09a08000 	C:\WINDOWS\SYSTEM32\USERENV.dll
0x00007ffe09b60000 - 0x00007ffe09b6c000 	C:\WINDOWS\SYSTEM32\CRYPTBASE.dll
0x00007ffe08f40000 - 0x00007ffe08f6d000 	C:\WINDOWS\SYSTEM32\IPHLPAPI.DLL
0x00007ffe0bda0000 - 0x00007ffe0bda9000 	C:\WINDOWS\System32\NSI.dll
0x00007ffe04550000 - 0x00007ffe04569000 	C:\WINDOWS\SYSTEM32\dhcpcsvc6.DLL
0x00007ffe04020000 - 0x00007ffe0403f000 	C:\WINDOWS\SYSTEM32\dhcpcsvc.DLL
0x00007ffe08fb0000 - 0x00007ffe090a8000 	C:\WINDOWS\SYSTEM32\DNSAPI.dll
0x00007ffdf6610000 - 0x00007ffdf6619000 	C:\Program Files\Android\Android Studio\jbr\bin\extnet.dll
0x00007ffdd7fd0000 - 0x00007ffdd7fd8000 	C:\WINDOWS\system32\wshunix.dll

dbghelp: loaded successfully - version: 4.0.5 - missing functions: none
symbol engine: initialized successfully - sym options: 0x614 - pdb path: .;C:\Program Files\Android\Android Studio\jbr\bin;C:\WINDOWS\SYSTEM32;C:\WINDOWS\WinSxS\amd64_microsoft.windows.common-controls_6595b64144ccf1df_6.0.22621.3527_none_270e469b73872a76;C:\Program Files\Android\Android Studio\jbr\bin\server;C:\Users\Asus\.gradle\native\c067742578af261105cb4f569cf0c3c89f3d7b1fecec35dd04571415982c5e48\windows-amd64;C:\Users\Asus\.gradle\native\38dada09dfb8b06ba9b0570ebf7e218e3eb74d4ef43ca46872605cf95ebc2f47\windows-amd64

VM Arguments:
jvm_args: --add-opens=java.base/java.util=ALL-UNNAMED --add-opens=java.base/java.lang=ALL-UNNAMED --add-opens=java.base/java.lang.invoke=ALL-UNNAMED --add-opens=java.prefs/java.util.prefs=ALL-UNNAMED --add-opens=java.base/java.nio.charset=ALL-UNNAMED --add-opens=java.base/java.net=ALL-UNNAMED --add-opens=java.base/java.util.concurrent.atomic=ALL-UNNAMED -Xmx2048m -Dfile.encoding=UTF-8 -Duser.country=US -Duser.language=en -Duser.variant -javaagent:C:\Users\Asus\.gradle\wrapper\dists\gradle-8.6-bin\afr5mpiioh2wthjmwnkmdsd5w\gradle-8.6\lib\agents\gradle-instrumentation-agent-8.6.jar 
java_command: org.gradle.launcher.daemon.bootstrap.GradleDaemon 8.6
java_class_path (initial): C:\Users\Asus\.gradle\wrapper\dists\gradle-8.6-bin\afr5mpiioh2wthjmwnkmdsd5w\gradle-8.6\lib\gradle-launcher-8.6.jar
Launcher Type: SUN_STANDARD

[Global flags]
     intx CICompilerCount                          = 12                                        {product} {ergonomic}
     uint ConcGCThreads                            = 3                                         {product} {ergonomic}
     uint G1ConcRefinementThreads                  = 13                                        {product} {ergonomic}
   size_t G1HeapRegionSize                         = 1048576                                   {product} {ergonomic}
    uintx GCDrainStackTargetSize                   = 64                                        {product} {ergonomic}
   size_t InitialHeapSize                          = 264241152                                 {product} {ergonomic}
   size_t MarkStackSize                            = 4194304                                   {product} {ergonomic}
   size_t MaxHeapSize                              = 2147483648                                {product} {command line}
   size_t MaxNewSize                               = 1287651328                                {product} {ergonomic}
   size_t MinHeapDeltaBytes                        = 1048576                                   {product} {ergonomic}
   size_t MinHeapSize                              = 8388608                                   {product} {ergonomic}
    uintx NonNMethodCodeHeapSize                   = 7602480                                {pd product} {ergonomic}
    uintx NonProfiledCodeHeapSize                  = 122027880                              {pd product} {ergonomic}
    uintx ProfiledCodeHeapSize                     = 122027880                              {pd product} {ergonomic}
    uintx ReservedCodeCacheSize                    = 251658240                              {pd product} {ergonomic}
     bool SegmentedCodeCache                       = true                                      {product} {ergonomic}
   size_t SoftMaxHeapSize                          = 2147483648                             {manageable} {ergonomic}
     bool UseCompressedClassPointers               = true                           {product lp64_product} {ergonomic}
     bool UseCompressedOops                        = true                           {product lp64_product} {ergonomic}
     bool UseG1GC                                  = true                                      {product} {ergonomic}
     bool UseLargePagesIndividualAllocation        = false                                  {pd product} {ergonomic}

Logging:
Log output configuration:
 #0: stdout all=warning uptime,level,tags
 #1: stderr all=off uptime,level,tags

Environment Variables:
JAVA_HOME=C:\Program Files\Java\jdk-17
PATH=C:\Python312\Scripts\;C:\Python312\;C:\Program Files\Common Files\Oracle\Java\javapath;C:\Program Files (x86)\Common Files\Intel\Shared Files\cpp\bin\Intel64;C:\WINDOWS\system32;C:\WINDOWS;C:\WINDOWS\System32\Wbem;C:\WINDOWS\System32\WindowsPowerShell\v1.0\;C:\WINDOWS\System32\OpenSSH\;C:\External\gradle-8.1.1\bin;C:\xampp\php;C:\ProgramData\ComposerSetup\bin;C:\Program Files\dotnet\;C:\ProgramData\chocolatey\bin;C:\Program Files\nodejs\;C:\Program Files\Git\cmd;C:\Users\Asus\AppData\Local\Programs\Python\Python311\Scripts\;C:\Users\Asus\AppData\Local\Programs\Python\Python311\;"C:\Users\Asus\AppData\Local\Programs\Python\Python311\Scripts;";C:\Users\Asus\AppData\Local\Microsoft\WindowsApps;C:\Users\Asus\AppData\Local\Programs\Microsoft VS Code\bin;C:\src\flutter\bin;C:\Users\Asus\AppData\Local\Pub\Cache\Bin;C:\Users\Asus\AppData\Local\Programs\Python\Python311\Tools\scripts;C:\Users\Asus\AppData\Roaming\Composer\vendor\bin;C:\Users\Asus\AppData\Roaming\npm
USERNAME=Asus
OS=Windows_NT
PROCESSOR_IDENTIFIER=Intel64 Family 6 Model 154 Stepping 3, GenuineIntel
TMP=C:\Users\Asus\AppData\Local\Temp
TEMP=C:\Users\Asus\AppData\Local\Temp



Periodic native trim disabled

JNI global refs:
JNI global refs: 34, weak refs: 2

JNI global refs memory usage: 843, weak refs: 841

OOME stack traces (most recent first):
Classloader memory used:
Loader org.gradle.internal.classloader.VisitableURLClassLoader                         : 3008K
Loader bootstrap                                                                       : 2355K
Loader org.gradle.initialization.MixInLegacyTypesClassLoader                           : 767K
Loader jdk.internal.loader.ClassLoaders$PlatformClassLoader                            : 65932B
Loader jdk.internal.loader.ClassLoaders$AppClassLoader                                 : 28740B
Loader jdk.internal.reflect.DelegatingClassLoader                                      : 4428B
Loader org.gradle.internal.classloader.VisitableURLClassLoader$InstrumentingVisitableURLClassLoader: 3673B

Classes loaded by more than one classloader:
Class org.gradle.internal.installation.GradleInstallation                             : loaded 2 times (x 73B)
Class org.gradle.internal.classpath.ClassPath                                         : loaded 2 times (x 68B)
Class org.gradle.api.internal.classpath.DefaultModuleRegistry                         : loaded 2 times (x 84B)
Class Settings_gradle$1$1                                                             : loaded 2 times (x 72B)
Class org.gradle.api.Action                                                           : loaded 2 times (x 68B)
Class org.gradle.api.internal.DefaultClassPathProvider                                : loaded 2 times (x 74B)
Class org.gradle.internal.installation.GradleInstallation$1                           : loaded 2 times (x 73B)
Class org.gradle.internal.classloader.FilteringClassLoader                            : loaded 2 times (x 103B)
Class org.gradle.internal.classpath.DefaultClassPath$ImmutableUniqueList$Builder      : loaded 2 times (x 73B)
Class org.gradle.internal.classloader.ClassLoaderVisitor                              : loaded 2 times (x 74B)
Class org.gradle.internal.service.DefaultServiceLocator                               : loaded 2 times (x 81B)
Class org.gradle.internal.service.UnknownServiceException                             : loaded 2 times (x 81B)
Class org.gradle.internal.classloader.DefaultClassLoaderFactory                       : loaded 2 times (x 80B)
Class org.gradle.internal.classloader.VisitableURLClassLoader$Spec                    : loaded 2 times (x 72B)
Class org.gradle.api.GradleException                                                  : loaded 2 times (x 80B)
Class org.gradle.api.internal.classpath.ModuleRegistry                                : loaded 2 times (x 68B)
Class org.gradle.api.internal.ClassPathProvider                                       : loaded 2 times (x 68B)
Class org.gradle.internal.classloader.ClasspathUtil$1                                 : loaded 2 times (x 74B)
Class org.gradle.internal.classloader.ClassLoaderFactory                              : loaded 2 times (x 68B)
Class org.gradle.api.internal.classpath.ManifestUtil                                  : loaded 2 times (x 69B)
Class org.gradle.api.specs.Spec                                                       : loaded 2 times (x 68B)
Class org.gradle.internal.IoActions                                                   : loaded 2 times (x 69B)
Class org.gradle.api.internal.classpath.EffectiveClassPath                            : loaded 2 times (x 88B)
Class org.gradle.internal.installation.CurrentGradleInstallation                      : loaded 2 times (x 71B)
Class org.gradle.internal.agents.InstrumentingClassLoader                             : loaded 2 times (x 68B)
Class org.gradle.internal.installation.CurrentGradleInstallationLocator               : loaded 2 times (x 69B)
Class org.gradle.api.internal.classpath.Module                                        : loaded 2 times (x 68B)
Class org.gradle.internal.service.CachingServiceLocator                               : loaded 2 times (x 80B)
Class org.gradle.internal.classpath.DefaultClassPath                                  : loaded 2 times (x 88B)
Class org.gradle.internal.classloader.SystemClassLoaderSpec                           : loaded 2 times (x 69B)
Class org.gradle.api.UncheckedIOException                                             : loaded 2 times (x 80B)
Class Program                                                                         : loaded 2 times (x 70B)
Class org.gradle.internal.classloader.ClasspathUtil                                   : loaded 2 times (x 69B)
Class org.gradle.api.internal.DefaultClassPathRegistry                                : loaded 2 times (x 74B)
Class org.gradle.api.internal.classpath.DefaultModuleRegistry$DefaultModule           : loaded 2 times (x 84B)
Class org.gradle.api.internal.classpath.UnknownModuleException                        : loaded 2 times (x 80B)
Class org.gradle.internal.service.ServiceLookupException                              : loaded 2 times (x 80B)
Class org.gradle.cache.GlobalCache                                                    : loaded 2 times (x 68B)
Class [Lorg.gradle.api.internal.ClassPathProvider;                                    : loaded 2 times (x 67B)
Class org.gradle.util.internal.GUtil                                                  : loaded 2 times (x 69B)
Class org.gradle.internal.classloader.ClassLoaderSpec                                 : loaded 2 times (x 69B)
Class org.gradle.internal.classloader.VisitableURLClassLoader                         : loaded 2 times (x 115B)
Class org.gradle.internal.Cast                                                        : loaded 2 times (x 69B)
Class org.gradle.api.internal.ClassPathRegistry                                       : loaded 2 times (x 68B)
Class org.gradle.internal.classloader.VisitableURLClassLoader$InstrumentingVisitableURLClassLoader: loaded 2 times (x 121B)
Class org.gradle.internal.classloader.ClassLoaderHierarchy                            : loaded 2 times (x 68B)
Class org.gradle.internal.InternalTransformer                                         : loaded 2 times (x 68B)
Class org.gradle.internal.service.ServiceLocator                                      : loaded 2 times (x 68B)
Class Settings_gradle$1                                                               : loaded 2 times (x 72B)
Class org.gradle.internal.classpath.DefaultClassPath$ImmutableUniqueList              : loaded 2 times (x 159B)
Class org.gradle.internal.classpath.TransformedClassPath                              : loaded 2 times (x 94B)
Class Settings_gradle                                                                 : loaded 2 times (x 126B)


---------------  S Y S T E M  ---------------

OS:
 Windows 11 , 64 bit Build 22621 (10.0.22621.3527)
OS uptime: 0 days 3:16 hours
Hyper-V role detected

CPU: total 16 (initial active 16) (8 cores per cpu, 2 threads per core) family 6 model 154 stepping 3 microcode 0x41b, cx8, cmov, fxsr, ht, mmx, 3dnowpref, sse, sse2, sse3, ssse3, sse4.1, sse4.2, popcnt, lzcnt, tsc, tscinvbit, avx, avx2, aes, erms, clmul, bmi1, bmi2, adx, sha, fma, vzeroupper, clflush, clflushopt, clwb, hv
Processor Information for processor 0
  Max Mhz: 2100, Current Mhz: 2100, Mhz Limit: 2100
Processor Information for processor 1
  Max Mhz: 2100, Current Mhz: 2100, Mhz Limit: 2100
Processor Information for processor 2
  Max Mhz: 2100, Current Mhz: 2100, Mhz Limit: 2100
Processor Information for processor 3
  Max Mhz: 2100, Current Mhz: 2100, Mhz Limit: 2100
Processor Information for processor 4
  Max Mhz: 2100, Current Mhz: 2100, Mhz Limit: 2100
Processor Information for processor 5
  Max Mhz: 2100, Current Mhz: 2100, Mhz Limit: 2100
Processor Information for processor 6
  Max Mhz: 2100, Current Mhz: 2100, Mhz Limit: 2100
Processor Information for processor 7
  Max Mhz: 2100, Current Mhz: 2100, Mhz Limit: 2100
Processor Information for processor 8
  Max Mhz: 2100, Current Mhz: 1500, Mhz Limit: 1491
Processor Information for processor 9
  Max Mhz: 2100, Current Mhz: 1500, Mhz Limit: 1491
Processor Information for processor 10
  Max Mhz: 2100, Current Mhz: 1500, Mhz Limit: 1491
Processor Information for processor 11
  Max Mhz: 2100, Current Mhz: 1500, Mhz Limit: 1491
Processor Information for processor 12
  Max Mhz: 2100, Current Mhz: 1500, Mhz Limit: 1491
Processor Information for processor 13
  Max Mhz: 2100, Current Mhz: 1500, Mhz Limit: 1491
Processor Information for processor 14
  Max Mhz: 2100, Current Mhz: 1500, Mhz Limit: 1491
Processor Information for processor 15
  Max Mhz: 2100, Current Mhz: 1500, Mhz Limit: 1491

Memory: 4k page, system-wide physical 16078M (494M free)
TotalPageFile size 16078M (AvailPageFile size 5M)
current process WorkingSet (physical memory assigned to process): 265M, peak: 265M
current process commit charge ("private bytes"): 319M, peak: 408M

vm_info: OpenJDK 64-Bit Server VM (17.0.10+0--11572160) for windows-amd64 JRE (17.0.10+0--11572160), built on Mar 13 2024 23:56:38 by "androidbuild" with MS VC++ 16.10 / 16.11 (VS2019)

END.
